<?xml version="1.0" encoding="UTF-8"?>
<!-- Generated by org.testng.reporters.JUnitReportReporter -->
<testsuite hostname="7CW99R2" name="com.digital.api.jira.JiraApiTest" tests="1" failures="0" timestamp="3 Jul 2019 08:48:22 GMT" time="2.025" errors="0">
  <testcase name="T03_getResponse2" time="2.025" classname="com.digital.api.jira.JiraApiTest"/>
</testsuite> <!-- com.digital.api.jira.JiraApiTest -->
